TN:FOOTEST
SF:FOOPATH\src\app\app.js
FN:22,(anonymous_0)
FN:41,(anonymous_1)
FN:48,(anonymous_2)
FN:58,(anonymous_3)
FN:59,(anonymous_4)
FN:65,(anonymous_5)
FN:66,(anonymous_6)
FN:72,(anonymous_7)
FN:75,(anonymous_8)
FN:82,(anonymous_9)
FN:89,(anonymous_10)
FN:101,(anonymous_11)
FN:118,(anonymous_12)
FN:133,(anonymous_13)
FN:142,(anonymous_14)
FN:143,(anonymous_15)
FN:146,(anonymous_16)
FN:157,(anonymous_17)
FN:168,(anonymous_18)
FN:181,(anonymous_19)
FN:188,(anonymous_20)
FN:191,(anonymous_21)
FN:194,(anonymous_22)
FN:202,(anonymous_23)
FN:214,(anonymous_24)
FN:229,(anonymous_25)
FN:241,(anonymous_26)
FN:252,(anonymous_27)
FN:255,(anonymous_28)
FN:259,(anonymous_29)
FNF:30
FNH:30
FNDA:23,(anonymous_0)
FNDA:207,(anonymous_1)
FNDA:23,(anonymous_2)
FNDA:23,(anonymous_3)
FNDA:1656,(anonymous_4)
FNDA:2,(anonymous_5)
FNDA:18,(anonymous_6)
FNDA:1,(anonymous_7)
FNDA:1,(anonymous_8)
FNDA:2,(anonymous_9)
FNDA:1,(anonymous_10)
FNDA:4,(anonymous_11)
FNDA:3,(anonymous_12)
FNDA:5,(anonymous_13)
FNDA:7,(anonymous_14)
FNDA:63,(anonymous_15)
FNDA:63,(anonymous_16)
FNDA:4,(anonymous_17)
FNDA:9,(anonymous_18)
FNDA:36,(anonymous_19)
FNDA:4,(anonymous_20)
FNDA:7,(anonymous_21)
FNDA:5,(anonymous_22)
FNDA:2,(anonymous_23)
FNDA:23,(anonymous_24)
FNDA:2,(anonymous_25)
FNDA:18,(anonymous_26)
FNDA:1,(anonymous_27)
FNDA:1686,(anonymous_28)
FNDA:8393,(anonymous_29)
DA:15,1
DA:16,1
DA:17,1
DA:23,23
DA:24,23
DA:25,23
DA:26,23
DA:27,23
DA:28,23
DA:29,23
DA:30,23
DA:31,23
DA:32,23
DA:33,23
DA:34,23
DA:35,23
DA:36,23
DA:38,23
DA:39,23
DA:40,23
DA:41,23
DA:42,207
DA:44,23
DA:46,23
DA:49,23
DA:50,23
DA:51,23
DA:59,23
DA:60,1656
DA:61,16
DA:66,2
DA:67,18
DA:69,2
DA:70,2
DA:73,1
DA:76,1
DA:83,2
DA:84,2
DA:90,1
DA:91,1
DA:92,1
DA:93,1
DA:102,4
DA:103,4
DA:104,1
DA:105,1
DA:107,3
DA:108,3
DA:109,2
DA:110,2
DA:111,2
DA:112,2
DA:114,1
DA:115,1
DA:119,3
DA:120,3
DA:121,1
DA:122,1
DA:124,2
DA:125,2
DA:134,5
DA:143,7
DA:144,63
DA:146,7
DA:147,63
DA:149,7
DA:150,7
DA:151,7
DA:158,4
DA:159,4
DA:160,4
DA:161,2
DA:163,4
DA:164,4
DA:165,4
DA:166,4
DA:169,9
DA:170,4
DA:171,4
DA:181,4
DA:182,36
DA:184,4
DA:185,4
DA:189,4
DA:192,7
DA:195,5
DA:196,5
DA:197,5
DA:198,5
DA:199,5
DA:200,5
DA:203,2
DA:204,2
DA:205,2
DA:206,2
DA:207,2
DA:208,2
DA:215,23
DA:216,23
DA:217,23
DA:218,2
DA:219,1
DA:221,1
DA:230,2
DA:231,2
DA:232,2
DA:233,2
DA:234,2
DA:235,2
DA:236,2
DA:237,2
DA:238,2
DA:239,2
DA:240,2
DA:241,2
DA:242,18
DA:243,18
DA:244,18
DA:253,1
DA:256,1686
DA:257,5
DA:259,1681
DA:260,8393
DA:262,1681
LF:124
LH:124
BRDA:22,0,0,2
BRDA:58,1,0,23
BRDA:58,2,0,23
BRDA:60,3,0,16
BRDA:60,3,1,1640
BRDA:103,4,0,1
BRDA:103,4,1,3
BRDA:108,5,0,2
BRDA:108,5,1,1
BRDA:120,6,0,1
BRDA:120,6,1,2
BRDA:142,7,0,3
BRDA:160,8,0,2
BRDA:160,8,1,2
BRDA:168,9,0,7
BRDA:169,10,0,4
BRDA:169,10,1,5
BRDA:169,11,0,9
BRDA:169,11,1,7
BRDA:217,12,0,2
BRDA:217,12,1,21
BRDA:218,13,0,1
BRDA:218,13,1,1
BRDA:256,14,0,5
BRDA:256,14,1,1681
BRF:25
BRH:25
end_of_record
TN:
SF:FOOPATH\src\app\achievements\buy.js
FN:5,(anonymous_0)
FN:10,(anonymous_1)
FN:11,(anonymous_2)
FN:15,(anonymous_3)
FN:16,(anonymous_4)
FN:17,(anonymous_5)
FN:24,(anonymous_6)
FNF:7
FNH:7
FNDA:23,(anonymous_0)
FNDA:4,(anonymous_1)
FNDA:87,(anonymous_2)
FNDA:23,(anonymous_3)
FNDA:207,(anonymous_4)
FNDA:1656,(anonymous_5)
FNDA:1660,(anonymous_6)
DA:3,1
DA:6,23
DA:7,23
DA:8,23
DA:11,4
DA:12,87
DA:16,23
DA:17,207
DA:18,1656
DA:25,1660
DA:26,1
DA:28,1659
DA:29,1659
DA:30,1658
DA:31,17
DA:32,17
DA:34,1641
DA:37,1
LF:18
LH:18
BRDA:25,0,0,1
BRDA:25,0,1,1659
BRDA:29,1,0,1658
BRDA:29,1,1,1
BRDA:30,2,0,17
BRDA:30,2,1,1641
BRF:6
BRH:6
end_of_record
TN:
SF:FOOPATH\src\app\achievements\index.js
FN:8,(anonymous_0)
FNF:1
FNH:1
FNDA:23,(anonymous_0)
DA:9,23
DA:10,23
DA:11,23
LF:3
LH:3
BRF:0
BRH:0
end_of_record
TN:
SF:FOOPATH\src\app\const\index.js
FNF:0
FNH:0
DA:2,1
DA:8,1
DA:12,1
DA:15,1
LF:4
LH:4
BRF:0
BRH:0
end_of_record
TN:
SF:FOOPATH\src\app\const\stageType.js
FNF:0
FNH:0
DA:1,1
LF:1
LH:1
BRF:0
BRH:0
end_of_record
TN:
SF:FOOPATH\src\app\models\event.js
FN:2,(anonymous_0)
FNF:1
FNH:1
FNDA:18,(anonymous_0)
DA:3,18
DA:4,18
LF:2
LH:2
BRF:0
BRH:0
end_of_record
TN:
SF:FOOPATH\src\app\models\eventStack.js
FN:4,(anonymous_0)
FN:8,(anonymous_1)
FN:11,(anonymous_2)
FN:18,(anonymous_3)
FNF:4
FNH:4
FNDA:27,(anonymous_0)
FNDA:5,(anonymous_1)
FNDA:2,(anonymous_2)
FNDA:19,(anonymous_3)
DA:5,27
DA:6,27
DA:9,5
DA:12,2
DA:13,2
DA:14,1
DA:16,2
DA:19,19
DA:20,1
DA:22,18
LF:10
LH:10
BRDA:13,0,0,1
BRDA:13,0,1,1
BRDA:19,1,0,1
BRDA:19,1,1,18
BRF:4
BRH:4
end_of_record
TN:
SF:FOOPATH\src\app\models\stages\autoStage.js
FN:7,(anonymous_0)
FN:19,(anonymous_1)
FN:26,(anonymous_2)
FN:29,(anonymous_3)
FN:32,(anonymous_4)
FN:35,(anonymous_5)
FN:38,(anonymous_6)
FN:50,(anonymous_7)
FN:62,(anonymous_8)
FN:72,(anonymous_9)
FNF:10
FNH:10
FNDA:234,(anonymous_0)
FNDA:40,(anonymous_1)
FNDA:23,(anonymous_2)
FNDA:21,(anonymous_3)
FNDA:2,(anonymous_4)
FNDA:1,(anonymous_5)
FNDA:6,(anonymous_6)
FNDA:6,(anonymous_7)
FNDA:142,(anonymous_8)
FNDA:1,(anonymous_9)
DA:8,234
DA:9,234
DA:10,234
DA:11,234
DA:12,234
DA:13,234
DA:14,234
DA:15,234
DA:16,234
DA:17,234
DA:20,40
DA:27,23
DA:30,21
DA:33,2
DA:36,1
DA:39,6
DA:40,6
DA:41,10
DA:43,6
DA:51,6
DA:52,5
DA:54,6
DA:63,142
DA:73,1
LF:24
LH:24
BRDA:50,0,0,3
BRDA:51,1,0,5
BRDA:51,1,1,1
BRDA:62,2,0,2
BRF:4
BRH:4
end_of_record
TN:
SF:FOOPATH\src\app\models\stages\clickStage.js
FN:5,(anonymous_0)
FN:11,(anonymous_1)
FN:14,(anonymous_2)
FNF:3
FNH:3
FNDA:23,(anonymous_0)
FNDA:1,(anonymous_1)
FNDA:1,(anonymous_2)
DA:6,23
DA:7,23
DA:8,23
DA:9,23
DA:12,1
DA:15,1
LF:6
LH:6
BRF:0
BRH:0
end_of_record
TN:
SF:FOOPATH\src\app\stages\click.js
FNF:0
FNH:0
DA:1,1
LF:1
LH:1
BRF:0
BRH:0
end_of_record
TN:
SF:FOOPATH\src\app\stages\cpp.js
FNF:0
FNH:0
DA:1,1
LF:1
LH:1
BRF:0
BRH:0
end_of_record
TN:
SF:FOOPATH\src\app\stages\fortran.js
FNF:0
FNH:0
DA:1,1
LF:1
LH:1
BRF:0
BRH:0
end_of_record
TN:
SF:FOOPATH\src\app\stages\haskell.js
FNF:0
FNH:0
DA:1,1
LF:1
LH:1
BRF:0
BRH:0
end_of_record
TN:
SF:FOOPATH\src\app\stages\html.js
FNF:0
FNH:0
DA:1,1
LF:1
LH:1
BRF:0
BRH:0
end_of_record
TN:
SF:FOOPATH\src\app\stages\index.js
FNF:0
FNH:0
DA:12,1
LF:1
LH:1
BRF:0
BRH:0
end_of_record
TN:
SF:FOOPATH\src\app\stages\java.js
FNF:0
FNH:0
DA:1,1
LF:1
LH:1
BRF:0
BRH:0
end_of_record
TN:
SF:FOOPATH\src\app\stages\js.js
FNF:0
FNH:0
DA:1,1
LF:1
LH:1
BRF:0
BRH:0
end_of_record
TN:
SF:FOOPATH\src\app\stages\net.js
FNF:0
FNH:0
DA:1,1
LF:1
LH:1
BRF:0
BRH:0
end_of_record
TN:
SF:FOOPATH\src\app\stages\python.js
FNF:0
FNH:0
DA:1,1
LF:1
LH:1
BRF:0
BRH:0
end_of_record
TN:
SF:FOOPATH\src\app\stages\ruby.js
FNF:0
FNH:0
DA:1,1
LF:1
LH:1
BRF:0
BRH:0
end_of_record
TN:
SF:FOOPATH\src\app\utils\logger.js
FN:4,(anonymous_0)
FN:11,(anonymous_1)
FN:26,(anonymous_2)
FN:55,(anonymous_3)
FN:58,(anonymous_4)
FN:61,(anonymous_5)
FN:64,(anonymous_6)
FN:67,(anonymous_7)
FN:70,(anonymous_8)
FNF:9
FNH:9
FNDA:25,(anonymous_0)
FNDA:6,(anonymous_1)
FNDA:12,(anonymous_2)
FNDA:62,(anonymous_3)
FNDA:3,(anonymous_4)
FNDA:2,(anonymous_5)
FNDA:2,(anonymous_6)
FNDA:2,(anonymous_7)
FNDA:2,(anonymous_8)
DA:2,1
DA:5,25
DA:6,24
DA:8,1
DA:12,6
DA:13,6
DA:14,6
DA:26,6
DA:27,12
DA:28,6
DA:30,6
DA:33,6
DA:34,6
DA:36,1
DA:37,1
DA:39,1
DA:40,1
DA:42,1
DA:43,1
DA:45,1
DA:46,1
DA:48,1
DA:49,1
DA:51,1
DA:52,1
DA:56,62
DA:59,3
DA:62,2
DA:65,2
DA:68,2
DA:71,2
LF:31
LH:31
BRDA:5,0,0,24
BRDA:5,0,1,1
BRDA:27,1,0,6
BRDA:27,1,1,6
BRDA:34,2,0,1
BRDA:34,2,1,1
BRDA:34,2,2,1
BRDA:34,2,3,1
BRDA:34,2,4,1
BRDA:34,2,5,1
BRF:10
BRH:10
end_of_record
